<?xml version="1.0" encoding="UTF-8" ?>
<testsuite errors="4" failures="0" hostname="PKLAPTOP" name="dk.pop.srs.sag.SagsKatalogTest" tests="4" time="0.361" timestamp="2013-05-30T08:50:54">
  <properties>
[...]
</properties>
  <testcase classname="dk.pop.srs.sag.SagsKatalogTest" name="testSletSag" time="0.004">
    <error type="java.lang.NullPointerException">java.lang.NullPointerException
	at dk.pop.srs.sag.SagsKatalogTest.testSletSag(SagsKatalogTest.java:153)
</error>
  </testcase>
  <testcase classname="dk.pop.srs.sag.SagsKatalogTest" name="testSogCPR" time="0.001">
    <error type="java.lang.NullPointerException">java.lang.NullPointerException
	at dk.pop.srs.sag.SagsKatalogTest.testSogCPR(SagsKatalogTest.java:168)
</error>
  </testcase>
  <testcase classname="dk.pop.srs.sag.SagsKatalogTest" name="testGemSag" time="0.002">
    <error type="java.lang.NullPointerException">java.lang.NullPointerException
	at dk.pop.srs.sag.SagsKatalog.gemSag(SagsKatalog.java:53)
	at dk.pop.srs.sag.SagsKatalogTest.testGemSag(SagsKatalogTest.java:113)
</error>
  </testcase>
  <testcase classname="dk.pop.srs.sag.SagsKatalogTest" name="testRegistrerSag" time="0.001">
    <error type="java.lang.NullPointerException">java.lang.NullPointerException
	at dk.pop.srs.sag.SagsKatalogTest.testRegistrerSag(SagsKatalogTest.java:140)
</error>
  </testcase>
  <system-out><![CDATA[root rollercoaster jdbc:mysql://localhost:3306/srs
sletSag
sogCPR
gemSag
registrerSag
]]></system-out>
  <system-err><![CDATA[maj 30, 2013 10:50:55 AM dk.pop.srs.sag.SagsKatalogTest setUpClass
SEVERE: null
com.mysql.jdbc.exceptions.jdbc4.MySQLSyntaxErrorException: Unknown column 'BetalingNavn' in 'field list'
	at sun.reflect.NativeConstructorAccessorImpl.newInstance0(Native Method)
	at sun.reflect.NativeConstructorAccessorImpl.newInstance(NativeConstructorAccessorImpl.java:57)
	at sun.reflect.DelegatingConstructorAccessorImpl.newInstance(DelegatingConstructorAccessorImpl.java:45)
	at java.lang.reflect.Constructor.newInstance(Constructor.java:525)
	at com.mysql.jdbc.Util.handleNewInstance(Util.java:411)
	at com.mysql.jdbc.Util.getInstance(Util.java:386)
	at com.mysql.jdbc.SQLError.createSQLException(SQLError.java:1052)
	at com.mysql.jdbc.MysqlIO.checkErrorPacket(MysqlIO.java:3609)
	at com.mysql.jdbc.MysqlIO.checkErrorPacket(MysqlIO.java:3541)
	at com.mysql.jdbc.MysqlIO.sendCommand(MysqlIO.java:2002)
	at com.mysql.jdbc.MysqlIO.sqlQueryDirect(MysqlIO.java:2163)
	at com.mysql.jdbc.ConnectionImpl.execSQL(ConnectionImpl.java:2618)
	at com.mysql.jdbc.ConnectionImpl.execSQL(ConnectionImpl.java:2568)
	at com.mysql.jdbc.StatementImpl.execute(StatementImpl.java:842)
	at com.mysql.jdbc.StatementImpl.execute(StatementImpl.java:681)
	at dk.pop.srs.sag.SagsKatalogTest.setUpClass(SagsKatalogTest.java:79)
	at sun.reflect.NativeMethodAccessorImpl.invoke0(Native Method)
	at sun.reflect.NativeMethodAccessorImpl.invoke(NativeMethodAccessorImpl.java:57)
	at sun.reflect.DelegatingMethodAccessorImpl.invoke(DelegatingMethodAccessorImpl.java:43)
	at java.lang.reflect.Method.invoke(Method.java:601)
	at org.junit.runners.model.FrameworkMethod$1.runReflectiveCall(FrameworkMethod.java:45)
	at org.junit.internal.runners.model.ReflectiveCallable.run(ReflectiveCallable.java:15)
	at org.junit.runners.model.FrameworkMethod.invokeExplosively(FrameworkMethod.java:42)
	at org.junit.internal.runners.statements.RunBefores.evaluate(RunBefores.java:27)
	at org.junit.internal.runners.statements.RunAfters.evaluate(RunAfters.java:30)
	at org.junit.runners.ParentRunner.run(ParentRunner.java:300)
	at junit.framework.JUnit4TestAdapter.run(JUnit4TestAdapter.java:39)
	at org.apache.tools.ant.taskdefs.optional.junit.JUnitTestRunner.run(JUnitTestRunner.java:520)
	at org.apache.tools.ant.taskdefs.optional.junit.JUnitTestRunner.launch(JUnitTestRunner.java:1060)
	at org.apache.tools.ant.taskdefs.optional.junit.JUnitTestRunner.main(JUnitTestRunner.java:911)

]]></system-err>
</testsuite>
